***** 2023/10/28 15:48:48 *****
QE Version                                        :3.1.0.v20220401-0732
Project Path                                      :E:\E2STUDIO_PROJECTS\T22_2KEY_RLY_UART
Configuration File                                :T22_2KEY_RLY_UART
IDE                                               :e2 studio with Emulator
Emulator                                          :
MCU                                               :RX130 R5F51303AxFN
<< METHOD 0 >>
[Button(self) 0]
TS                                                : TS33,
[Button(self) 1]
TS                                                : TS34,

<<<< Tuning Type : Normal >>>>
System Clock Frequency (MHz)                      :32.000
PCLKB Frequency (MHz)                             :32.000
CTSU Operating Frequency (MHz)                    :32.000
Operating Voltage (V)                             :3.300

---------- Phase1 ----------
<< METHOD 0 >>
[TS33]
Count Value                                       : 8004
Resistance Value (ohm)                            : 220
Parasitic Capacitance (pF)                        : 19.914274
Sensor Drive Pulse Frequency (MHz)                : 2.0

[TS34]
Count Value                                       : 6768
Resistance Value (ohm)                            : 220
Parasitic Capacitance (pF)                        : 16.839058
Sensor Drive Pulse Frequency (MHz)                : 2.0


---------- Phase2 ----------
<< METHOD 0 >>
[TS33]
Sensor Drive Pulse Frequency (MHz)                : 2.0
CTSUSNUM                                          : 3
CTSUSSDIV                                         : 1
CTSUSDPA                                          : 7
CTSUSO                                            : 238

[TS34]
Sensor Drive Pulse Frequency (MHz)                : 2.0
CTSUSNUM                                          : 3
CTSUSSDIV                                         : 1
CTSUSDPA                                          : 7
CTSUSO                                            : 177


---------- Phase3 ----------
<< METHOD 0 >>
[Button(self) 0]
  << TS33 >>
  Count Value (Off)                               : 15264
  Count Value (On)                                : 16936
  Threshold                                       : 1003
  Hysteresis                                      : 50

[Button(self) 1]
  << TS34 >>
  Count Value (Off)                               : 15391
  Count Value (On)                                : 16809
  Threshold                                       : 850
  Hysteresis                                      : 42

