***** 2023/06/08 14:24:57 *****
QE Version                                        :3.1.0.v20220401-0732
Project Path                                      :E:\E2STUDIO_PROJECTS\T22_2KEY_RLY_UART
Configuration File                                :T22_2KEY_RLY_UART
IDE                                               :e2 studio with Emulator
Emulator                                          :
MCU                                               :RX130 R5F51303AxFN
<< METHOD 0 >>
[Button(self) 0]
TS                                                : TS33,
[Button(self) 1]
TS                                                : TS34,

<<<< Tuning Type : Normal >>>>
System Clock Frequency (MHz)                      :32.000
PCLKB Frequency (MHz)                             :32.000
CTSU Operating Frequency (MHz)                    :32.000
Operating Voltage (V)                             :3.300

---------- Phase1 ----------
<< METHOD 0 >>
[TS33]
Count Value                                       : 7648
Resistance Value (ohm)                            : 220
Parasitic Capacitance (pF)                        : 19.028532
Sensor Drive Pulse Frequency (MHz)                : 2.0

[TS34]
Count Value                                       : 6552
Resistance Value (ohm)                            : 220
Parasitic Capacitance (pF)                        : 16.30164
Sensor Drive Pulse Frequency (MHz)                : 2.0


---------- Phase2 ----------
<< METHOD 0 >>
[TS33]
Sensor Drive Pulse Frequency (MHz)                : 2.0
CTSUSNUM                                          : 3
CTSUSSDIV                                         : 1
CTSUSDPA                                          : 7
CTSUSO                                            : 248

[TS34]
Sensor Drive Pulse Frequency (MHz)                : 2.0
CTSUSNUM                                          : 3
CTSUSSDIV                                         : 1
CTSUSDPA                                          : 7
CTSUSO                                            : 196


---------- Phase3 ----------
<< METHOD 0 >>
[Button(self) 0]
  << TS33 >>
  Count Value (Off)                               : 15153
  Count Value (On)                                : 16787
  Threshold                                       : 980
  Hysteresis                                      : 49

[Button(self) 1]
  << TS34 >>
  Count Value (Off)                               : 15558
  Count Value (On)                                : 16931
  Threshold                                       : 823
  Hysteresis                                      : 41

